==>    Time for glasses of size 1: 0 ms -> max glass 1
==>    Time for glasses of size 2: 0 ms -> max glass 2
==>    Time for glasses of size 3: 0 ms -> max glass 4
==>    Time for glasses of size 4: 0 ms -> max glass 5
==>    Time for glasses of size 5: 0 ms -> max glass 7
==>    Time for glasses of size 6: 0 ms -> max glass 8
==>    Time for glasses of size 7: 0 ms -> max glass 12
==>    Time for glasses of size 8: 0 ms -> max glass 12
==>    Time for glasses of size 9: 0 ms -> max glass 16
==>    Time for glasses of size 10: 0 ms -> max glass 15
==>    Time for glasses of size 11: 0 ms -> max glass 20
==>    Time for glasses of size 12: 0 ms -> max glass 24
==>    Time for glasses of size 13: 0 ms -> max glass 26
==>    Time for glasses of size 14: 0 ms -> max glass 25
==>    Time for glasses of size 15: 0 ms -> max glass 30
==>    Time for glasses of size 16: 0 ms -> max glass 29
==>    Time for glasses of size 17: 0 ms -> max glass 35
==>    Time for glasses of size 18: 0 ms -> max glass 33
==>    Time for glasses of size 19: 1 ms -> max glass 40
==>    Time for glasses of size 20: 1 ms -> max glass 40
==>    Time for glasses of size 21: 1 ms -> max glass 47
==>    Time for glasses of size 22: 1 ms -> max glass 46
==>    Time for glasses of size 23: 2 ms -> max glass 61
==>    Time for glasses of size 24: 2 ms -> max glass 51
==>    Time for glasses of size 25: 3 ms -> max glass 73
==>    Time for glasses of size 26: 4 ms -> max glass 56
==>    Time for glasses of size 27: 6 ms -> max glass 63
==>    Time for glasses of size 28: 6 ms -> max glass 63
==>    Time for glasses of size 29: 7 ms -> max glass 71
==>    Time for glasses of size 30: 7 ms -> max glass 71
==>    Time for glasses of size 31: 10 ms -> max glass 83
==>    Time for glasses of size 32: 11 ms -> max glass 83
==>    Time for glasses of size 33: 13 ms -> max glass 90
==>    Time for glasses of size 34: 13 ms -> max glass 83
==>    Time for glasses of size 35: 18 ms -> max glass 96
==>    Time for glasses of size 36: 22 ms -> max glass 95
==>    Time for glasses of size 37: 30 ms -> max glass 108
==>    Time for glasses of size 38: 32 ms -> max glass 99
==>    Time for glasses of size 39: 48 ms -> max glass 108
==>    Time for glasses of size 40: 54 ms -> max glass 113
==>    Time for glasses of size 41: 73 ms -> max glass 127
==>    Time for glasses of size 42: 82 ms -> max glass 105
==>    Time for glasses of size 43: 115 ms -> max glass 146
==>    Time for glasses of size 44: 139 ms -> max glass 146
==>    Time for glasses of size 45: 177 ms -> max glass 131
==>    Time for glasses of size 46: 203 ms -> max glass 150
==>    Time for glasses of size 47: 297 ms -> max glass 150
==>    Time for glasses of size 48: 330 ms -> max glass 161
==>    Time for glasses of size 49: 396 ms -> max glass 144
max_square_for_glass square: 2 max_square_for_glass: 1
max_square_for_glass square: 3 max_square_for_glass: 1
max_square_for_glass square: 4 max_square_for_glass: 2
max_square_for_glass square: 5 max_square_for_glass: 2
max_square_for_glass square: 6 max_square_for_glass: 3
max_square_for_glass square: 7 max_square_for_glass: 4
max_square_for_glass square: 8 max_square_for_glass: 4
max_square_for_glass square: 9 max_square_for_glass: 5
max_square_for_glass square: 10 max_square_for_glass: 5
max_square_for_glass square: 11 max_square_for_glass: 6
max_square_for_glass square: 12 max_square_for_glass: 7
max_square_for_glass square: 13 max_square_for_glass: 7
max_square_for_glass square: 14 max_square_for_glass: 8
max_square_for_glass square: 15 max_square_for_glass: 8
max_square_for_glass square: 16 max_square_for_glass: 9
max_square_for_glass square: 17 max_square_for_glass: 10
max_square_for_glass square: 18 max_square_for_glass: 11
max_square_for_glass square: 19 max_square_for_glass: 12
max_square_for_glass square: 20 max_square_for_glass: 12
max_square_for_glass square: 21 max_square_for_glass: 12
max_square_for_glass square: 22 max_square_for_glass: 13
max_square_for_glass square: 23 max_square_for_glass: 14
max_square_for_glass square: 24 max_square_for_glass: 15
max_square_for_glass square: 25 max_square_for_glass: 16
max_square_for_glass square: 26 max_square_for_glass: 15
max_square_for_glass square: 27 max_square_for_glass: 16
max_square_for_glass square: 28 max_square_for_glass: 17
max_square_for_glass square: 29 max_square_for_glass: 18
max_square_for_glass square: 30 max_square_for_glass: 19
max_square_for_glass square: 31 max_square_for_glass: 20
max_square_for_glass square: 32 max_square_for_glass: 20
max_square_for_glass square: 33 max_square_for_glass: 21
max_square_for_glass square: 34 max_square_for_glass: 22
max_square_for_glass square: 35 max_square_for_glass: 23
max_square_for_glass square: 36 max_square_for_glass: 24
max_square_for_glass square: 37 max_square_for_glass: 24
max_square_for_glass square: 38 max_square_for_glass: 25
max_square_for_glass square: 39 max_square_for_glass: 26
max_square_for_glass square: 40 max_square_for_glass: 25
max_square_for_glass square: 41 max_square_for_glass: 26
max_square_for_glass square: 42 max_square_for_glass: 27
max_square_for_glass square: 43 max_square_for_glass: 28
max_square_for_glass square: 44 max_square_for_glass: 29
max_square_for_glass square: 45 max_square_for_glass: 30
max_square_for_glass square: 46 max_square_for_glass: 29
max_square_for_glass square: 47 max_square_for_glass: 30
max_square_for_glass square: 48 max_square_for_glass: 31
max_square_for_glass square: 49 max_square_for_glass: 32
max_square_for_glass square: 50 max_square_for_glass: 33
max_square_for_glass square: 51 max_square_for_glass: 34
max_square_for_glass square: 52 max_square_for_glass: 35
max_square_for_glass square: 53 max_square_for_glass: 34
max_square_for_glass square: 54 max_square_for_glass: 35
max_square_for_glass square: 55 max_square_for_glass: 36
max_square_for_glass square: 56 max_square_for_glass: 37
max_square_for_glass square: 57 max_square_for_glass: 38
max_square_for_glass square: 58 max_square_for_glass: 39
max_square_for_glass square: 59 max_square_for_glass: 40
max_square_for_glass square: 60 max_square_for_glass: 40
max_square_for_glass square: 61 max_square_for_glass: 40
max_square_for_glass square: 62 max_square_for_glass: 41
max_square_for_glass square: 63 max_square_for_glass: 42
max_square_for_glass square: 64 max_square_for_glass: 43
max_square_for_glass square: 65 max_square_for_glass: 44
max_square_for_glass square: 66 max_square_for_glass: 45
max_square_for_glass square: 67 max_square_for_glass: 46
max_square_for_glass square: 68 max_square_for_glass: 47
max_square_for_glass square: 69 max_square_for_glass: 46
max_square_for_glass square: 70 max_square_for_glass: 47
max_square_for_glass square: 71 max_square_for_glass: 48
max_square_for_glass square: 72 max_square_for_glass: 49
max_square_for_glass square: 73 max_square_for_glass: 50
max_square_for_glass square: 74 max_square_for_glass: 51
max_square_for_glass square: 75 max_square_for_glass: 52
max_square_for_glass square: 76 max_square_for_glass: 53
max_square_for_glass square: 77 max_square_for_glass: 54
max_square_for_glass square: 78 max_square_for_glass: 55
max_square_for_glass square: 79 max_square_for_glass: 56
max_square_for_glass square: 80 max_square_for_glass: 57
max_square_for_glass square: 81 max_square_for_glass: 58
max_square_for_glass square: 82 max_square_for_glass: 59
max_square_for_glass square: 83 max_square_for_glass: 60
max_square_for_glass square: 84 max_square_for_glass: 61
max_square_for_glass square: 85 max_square_for_glass: 60
max_square_for_glass square: 86 max_square_for_glass: 61
max_square_for_glass square: 87 max_square_for_glass: 62
max_square_for_glass square: 88 max_square_for_glass: 63
max_square_for_glass square: 89 max_square_for_glass: 64
max_square_for_glass square: 90 max_square_for_glass: 65
max_square_for_glass square: 91 max_square_for_glass: 66
max_square_for_glass square: 92 max_square_for_glass: 67
max_square_for_glass square: 93 max_square_for_glass: 68
max_square_for_glass square: 94 max_square_for_glass: 69
max_square_for_glass square: 95 max_square_for_glass: 70
max_square_for_glass square: 96 max_square_for_glass: 71
max_square_for_glass square: 97 max_square_for_glass: 72
max_square_for_glass square: 98 max_square_for_glass: 73
max_square_for_glass square: 99 max_square_for_glass: 70
max_square_for_glass square: 100 max_square_for_glass: 71
max_square_for_glass square: 101 max_square_for_glass: 71
max_square_for_glass square: 102 max_square_for_glass: 71
max_square_for_glass square: 103 max_square_for_glass: 72
max_square_for_glass square: 104 max_square_for_glass: 73
max_square_for_glass square: 105 max_square_for_glass: 74
max_square_for_glass square: 106 max_square_for_glass: 75
max_square_for_glass square: 107 max_square_for_glass: 76
max_square_for_glass square: 108 max_square_for_glass: 77
max_square_for_glass square: 109 max_square_for_glass: 78
max_square_for_glass square: 110 max_square_for_glass: 79
max_square_for_glass square: 111 max_square_for_glass: 80
max_square_for_glass square: 112 max_square_for_glass: 81
max_square_for_glass square: 113 max_square_for_glass: 82
max_square_for_glass square: 114 max_square_for_glass: 83
max_square_for_glass square: 115 max_square_for_glass: 83
max_square_for_glass square: 116 max_square_for_glass: 83
max_square_for_glass square: 117 max_square_for_glass: 84
max_square_for_glass square: 118 max_square_for_glass: 85
max_square_for_glass square: 119 max_square_for_glass: 86
max_square_for_glass square: 120 max_square_for_glass: 87
max_square_for_glass square: 121 max_square_for_glass: 88
max_square_for_glass square: 122 max_square_for_glass: 89
max_square_for_glass square: 123 max_square_for_glass: 90
max_square_for_glass square: 124 max_square_for_glass: 89
max_square_for_glass square: 125 max_square_for_glass: 90
max_square_for_glass square: 126 max_square_for_glass: 91
max_square_for_glass square: 127 max_square_for_glass: 92
max_square_for_glass square: 128 max_square_for_glass: 93
max_square_for_glass square: 129 max_square_for_glass: 94
max_square_for_glass square: 130 max_square_for_glass: 95
max_square_for_glass square: 131 max_square_for_glass: 96
max_square_for_glass square: 132 max_square_for_glass: 95
max_square_for_glass square: 133 max_square_for_glass: 96
max_square_for_glass square: 134 max_square_for_glass: 97
max_square_for_glass square: 135 max_square_for_glass: 98
max_square_for_glass square: 136 max_square_for_glass: 99
max_square_for_glass square: 137 max_square_for_glass: 100
max_square_for_glass square: 138 max_square_for_glass: 101
max_square_for_glass square: 139 max_square_for_glass: 102
max_square_for_glass square: 140 max_square_for_glass: 103
max_square_for_glass square: 141 max_square_for_glass: 104
max_square_for_glass square: 142 max_square_for_glass: 105
max_square_for_glass square: 143 max_square_for_glass: 106
max_square_for_glass square: 144 max_square_for_glass: 107
max_square_for_glass square: 145 max_square_for_glass: 108
max_square_for_glass square: 146 max_square_for_glass: 107
max_square_for_glass square: 147 max_square_for_glass: 108
max_square_for_glass square: 148 max_square_for_glass: 108
max_square_for_glass square: 149 max_square_for_glass: 109
max_square_for_glass square: 150 max_square_for_glass: 110
max_square_for_glass square: 151 max_square_for_glass: 111
max_square_for_glass square: 152 max_square_for_glass: 112
max_square_for_glass square: 153 max_square_for_glass: 113
max_square_for_glass square: 154 max_square_for_glass: 113
max_square_for_glass square: 155 max_square_for_glass: 114
max_square_for_glass square: 156 max_square_for_glass: 115
max_square_for_glass square: 157 max_square_for_glass: 116
max_square_for_glass square: 158 max_square_for_glass: 117
max_square_for_glass square: 159 max_square_for_glass: 118
max_square_for_glass square: 160 max_square_for_glass: 119
max_square_for_glass square: 161 max_square_for_glass: 120
max_square_for_glass square: 162 max_square_for_glass: 121
max_square_for_glass square: 163 max_square_for_glass: 122
max_square_for_glass square: 164 max_square_for_glass: 123
max_square_for_glass square: 165 max_square_for_glass: 124
max_square_for_glass square: 166 max_square_for_glass: 125
max_square_for_glass square: 167 max_square_for_glass: 126
max_square_for_glass square: 168 max_square_for_glass: 127
max_square_for_glass square: 169 max_square_for_glass: 126
max_square_for_glass square: 170 max_square_for_glass: 127
max_square_for_glass square: 171 max_square_for_glass: 128
max_square_for_glass square: 172 max_square_for_glass: 129
max_square_for_glass square: 173 max_square_for_glass: 130
max_square_for_glass square: 174 max_square_for_glass: 131
max_square_for_glass square: 175 max_square_for_glass: 132
max_square_for_glass square: 176 max_square_for_glass: 133
max_square_for_glass square: 177 max_square_for_glass: 134
max_square_for_glass square: 178 max_square_for_glass: 135
max_square_for_glass square: 179 max_square_for_glass: 136
max_square_for_glass square: 180 max_square_for_glass: 137
max_square_for_glass square: 181 max_square_for_glass: 138
max_square_for_glass square: 182 max_square_for_glass: 139
max_square_for_glass square: 183 max_square_for_glass: 140
max_square_for_glass square: 184 max_square_for_glass: 141
max_square_for_glass square: 185 max_square_for_glass: 142
max_square_for_glass square: 186 max_square_for_glass: 143
max_square_for_glass square: 187 max_square_for_glass: 144
max_square_for_glass square: 188 max_square_for_glass: 145
max_square_for_glass square: 189 max_square_for_glass: 146
max_square_for_glass square: 190 max_square_for_glass: 146
max_square_for_glass square: 191 max_square_for_glass: 145
max_square_for_glass square: 192 max_square_for_glass: 146
max_square_for_glass square: 193 max_square_for_glass: 147
max_square_for_glass square: 194 max_square_for_glass: 148
max_square_for_glass square: 195 max_square_for_glass: 149
max_square_for_glass square: 196 max_square_for_glass: 150
max_square_for_glass square: 197 max_square_for_glass: 150
max_square_for_glass square: 198 max_square_for_glass: 150
max_square_for_glass square: 199 max_square_for_glass: 151
max_square_for_glass square: 200 max_square_for_glass: 152
max_square_for_glass square: 201 max_square_for_glass: 153
max_square_for_glass square: 202 max_square_for_glass: 154
max_square_for_glass square: 203 max_square_for_glass: 155
max_square_for_glass square: 204 max_square_for_glass: 156
max_square_for_glass square: 205 max_square_for_glass: 157
max_square_for_glass square: 206 max_square_for_glass: 158
max_square_for_glass square: 207 max_square_for_glass: 159
max_square_for_glass square: 208 max_square_for_glass: 160
max_square_for_glass square: 209 max_square_for_glass: 161
max_square_for_glass square: 210 max_square_for_glass: 160
max_square_for_glass square: 211 max_square_for_glass: 161
max_square_for_glass square: 212 max_square_for_glass: 162
max_square_for_glass square: 213 max_square_for_glass: 163
max_square_for_glass square: 214 max_square_for_glass: 164
max_square_for_glass square: 215 max_square_for_glass: 165
max_square_for_glass square: 216 max_square_for_glass: 166
max_square_for_glass square: 217 max_square_for_glass: 167
max_square_for_glass square: 218 max_square_for_glass: 168
max_square_for_glass square: 219 max_square_for_glass: 169
max_square_for_glass square: 220 max_square_for_glass: 170
max_square_for_glass square: 221 max_square_for_glass: 171
max_square_for_glass square: 222 max_square_for_glass: 172
max_square_for_glass square: 223 max_square_for_glass: 173
max_square_for_glass square: 224 max_square_for_glass: 174
max_square_for_glass square: 225 max_square_for_glass: 175
max_square_for_glass square: 226 max_square_for_glass: 176
max_square_for_glass square: 227 max_square_for_glass: 177
max_square_for_glass square: 228 max_square_for_glass: 178
max_square_for_glass square: 229 max_square_for_glass: 179
max_square_for_glass square: 230 max_square_for_glass: 180
max_square_for_glass square: 231 max_square_for_glass: 181
max_square_for_glass square: 232 max_square_for_glass: 182
max_square_for_glass square: 233 max_square_for_glass: 183
max_square_for_glass square: 234 max_square_for_glass: 184
max_square_for_glass square: 235 max_square_for_glass: 185
max_square_for_glass square: 236 max_square_for_glass: 186
max_square_for_glass square: 237 max_square_for_glass: 187
max_square_for_glass square: 238 max_square_for_glass: 188
max_square_for_glass square: 239 max_square_for_glass: 189
max_square_for_glass square: 240 max_square_for_glass: 190
max_square_for_glass square: 241 max_square_for_glass: 191
max_square_for_glass square: 242 max_square_for_glass: 192
max_square_for_glass square: 243 max_square_for_glass: 193
max_square_for_glass square: 244 max_square_for_glass: 194
max_square_for_glass square: 245 max_square_for_glass: 195
max_square_for_glass square: 246 max_square_for_glass: 196
max_square_for_glass square: 247 max_square_for_glass: 197
max_square_for_glass square: 248 max_square_for_glass: 198
max_square_for_glass square: 249 max_square_for_glass: 199
max_square_for_glass square: 250 max_square_for_glass: 200
max_square_for_glass square: 251 max_square_for_glass: 201
max_square_for_glass square: 252 max_square_for_glass: 202
max_square_for_glass square: 253 max_square_for_glass: 203
max_square_for_glass square: 254 max_square_for_glass: 204
max_square_for_glass square: 255 max_square_for_glass: 205
1 start 0
Work units: 0
1 queueempty 12
2 start 12
Work units: 0
2 queueempty 25
3 start 25
Work units: 0
3 queueempty 38
4 start 38
Work units: 0
4 queueempty 50
5 start 50
Work units: 0
5 queueempty 63
6 start 63
Work units: 0
6 queueempty 75
7 start 75
Work units: 0
7 queueempty 88
8 start 88
Work units: 0
8 queueempty 101
9 start 101
Work units: 0
9 queueempty 113
10 start 113
Work units: 0
10 queueempty 126
11 start 126
Work units: 0
11 queueempty 139
12 start 139
Work units: 0
12 queueempty 151
13 start 151
Work units: 0
13 queueempty 164
14 start 164
Work units: 0
14 queueempty 177
15 start 177
Work units: 0
15 queueempty 189
16 start 189
Work units: 0
16 queueempty 200
17 start 200
Work units: 0
17 queueempty 212
18 start 212
Work units: 0
18 queueempty 224
19 start 224
Work units: 0
19 queueempty 236
20 start 236
Work units: 0
20 queueempty 249
21 start 249
Work units: 0
21 queueempty 260
22 start 260
Work units: 0
22 queueempty 273
23 start 273
Work units: 1
23 queueempty 285
24 start 285
23 end 298 -> 25
Work units: 3
24 queueempty 298
25 start 298
24 end 311 -> 25
Work units: 6
25 queueempty 311
26 start 311
25 end 324 -> 25
Work units: 8
26 queueempty 324
27 start 324
26 end 337 -> 26
Work units: 13
27 queueempty 337
28 start 337
27 end 350 -> 26
Work units: 17
28 queueempty 351
29 start 351
28 end 363 -> 25
Work units: 22
29 queueempty 363
30 start 363
29 end 376 -> 25
Work units: 31
30 queueempty 377
31 start 377
30 end 390 -> 26
Work units: 35
31 queueempty 391
32 start 391
31 end 403 -> 26
Work units: 44
32 queueempty 405
33 start 405
32 end 416 -> 25
Work units: 52
33 queueempty 417
34 start 417
33 end 429 -> 23
Work units: 62
34 queueempty 430
35 start 430
34 end 441 -> 24
Work units: 70
35 queueempty 443
36 start 443
35 end 456 -> 26
Work units: 82
36 queueempty 458
37 start 458
36 end 471 -> 28
Work units: 87
37 queueempty 473
38 start 473
37 end 485 -> 26
Work units: 99
38 queueempty 488
39 start 488
38 end 500 -> 26
Work units: 105
39 queueempty 502
40 start 502
39 end 514 -> 26
Work units: 117
40 queueempty 517
41 start 517
40 end 530 -> 27
Work units: 125
41 queueempty 532
42 start 532
41 end 545 -> 27
Work units: 143
42 queueempty 548
43 start 548
42 end 559 -> 26
Work units: 149
43 queueempty 565
44 start 565
43 end 577 -> 28
Work units: 165
44 queueempty 581
45 start 581
44 end 594 -> 28
Work units: 173
45 queueempty 597
46 start 598
45 end 610 -> 29
Work units: 189
46 queueempty 614
47 start 614
46 end 625 -> 27
Work units: 197
47 queueempty 629
48 start 629
47 end 643 -> 28
Work units: 218
48 queueempty 649
49 start 649
48 end 661 -> 32
Work units: 225
49 queueempty 667
50 start 667
49 end 679 -> 29
Work units: 245
50 queueempty 685
51 start 685
50 end 698 -> 31
Work units: 253
51 queueempty 703
52 start 704
51 end 714 -> 29
Work units: 274
52 queueempty 725
53 start 725
52 end 737 -> 33
Work units: 285
53 queueempty 748
54 start 748
53 end 760 -> 35
Work units: 307
54 queueempty 770
55 start 770
54 end 781 -> 33
Work units: 314
55 queueempty 795
56 start 795
55 end 808 -> 38
Work units: 335
56 queueempty 820
57 start 820
56 end 832 -> 37
Work units: 346
57 queueempty 844
58 start 844
57 end 857 -> 37
Work units: 369
58 queueempty 869
59 start 869
58 end 882 -> 37
Work units: 380
59 queueempty 890
60 start 890
59 end 903 -> 33
Work units: 404
60 queueempty 914
61 start 914
60 end 927 -> 37
Work units: 415
61 queueempty 938
62 start 938
61 end 951 -> 36
Work units: 441
62 queueempty 964
63 start 964
62 end 977 -> 38
Work units: 449
63 queueempty 991
64 start 991
63 end 1004 -> 39
Work units: 475
64 queueempty 1020
65 start 1020
64 end 1033 -> 41
Work units: 486
65 queueempty 1051
66 start 1051
65 end 1064 -> 43
Work units: 515
66 queueempty 1079
67 start 1079
66 end 1092 -> 41
Work units: 526
67 queueempty 1107
68 start 1107
67 end 1120 -> 40
Work units: 556
68 queueempty 1139
69 start 1139
68 end 1152 -> 44
Work units: 566
69 queueempty 1171
70 start 1171
69 end 1184 -> 44
Work units: 598
70 queueempty 1206
71 start 1206
70 end 1219 -> 47
Work units: 607
71 queueempty 1248
72 start 1248
71 end 1260 -> 54
Work units: 637
72 queueempty 1292
73 start 1292
72 end 1305 -> 57
Work units: 648
73 queueempty 1343
74 start 1343
73 end 1356 -> 63
Work units: 680
74 queueempty 1403
75 start 1403
74 end 1416 -> 72
Work units: 692
75 queueempty 1466
76 start 1466
75 end 1479 -> 76
Work units: 726
76 queueempty 1537
77 start 1537
76 end 1550 -> 83
Work units: 739
77 queueempty 1619
78 start 1619
77 end 1631 -> 94
Work units: 775
78 queueempty 1715
79 start 1715
78 end 1726 -> 107
Work units: 789
79 queueempty 1824
80 start 1824
79 end 1837 -> 121
Work units: 825
80 queueempty 1953
81 start 1953
80 end 1966 -> 141
Work units: 840
81 queueempty 2100
82 start 2100
81 end 2113 -> 160
Work units: 876
82 queueempty 2273
83 start 2273
Work units: 889
82 end 2288 -> 187
83 queueempty 2530
84 start 2530
83 end 2543 -> 269
Work units: 927
84 queueempty 2768
85 start 2768
Work units: 941
84 end 2793 -> 263
85 queueempty 3040
86 start 3040
Work units: 982
85 end 3055 -> 287
86 queueempty 3363
87 start 3363
Work units: 997
86 end 3382 -> 342
87 queueempty 3738
88 start 3738
Work units: 1040
87 end 3880 -> 516
88 queueempty 4189
89 start 4189
Work units: 1057
89 queueempty 4689
90 start 4689
Work units: 1101
88 end 4706 -> 968
89 end 5191 -> 1002
90 queueempty 5285
91 start 5285
Work units: 1116
91 queueempty 5965
92 start 5965
Work units: 1157
92 queueempty 6825
93 start 6825
90 end 6837 -> 2147
91 end 6837 -> 1552
Work units: 1174
93 queueempty 7746
94 start 7746
Work units: 1218
92 end 8058 -> 2092
94 queueempty 8929
95 start 8929
Work units: 1236
93 end 9440 -> 2615
95 queueempty 10286
96 start 10286
Work units: 1282
94 end 10476 -> 2729
95 end 11708 -> 2778
96 queueempty 11885
97 start 11885
Work units: 1301
97 queueempty 13688
98 start 13688
Work units: 1349
96 end 14386 -> 4100
97 end 15498 -> 3613
98 queueempty 16028
99 start 16028
Work units: 1368
98 end 18623 -> 4934
99 queueempty 18795
100 start 18795
Work units: 1418
99 end 21721 -> 5692
100 queueempty 21881
101 start 21881
Work units: 1437
100 end 24506 -> 5711
101 queueempty 25320
102 start 25320
Work units: 1486
101 end 28033 -> 6152
102 queueempty 29445
103 start 29445
Work units: 1506
102 end 33312 -> 7992
103 queueempty 34316
104 start 34316
Work units: 1558
103 end 36672 -> 7227
104 queueempty 40146
105 start 40146
Work units: 1580
104 end 43645 -> 9328
105 queueempty 46773
106 start 46773
Work units: 1634
105 end 50000 -> 9854
106 queueempty 54608
107 start 54608
Work units: 1658
106 end 58390 -> 11617
107 queueempty 63785
108 start 63785
Work units: 1714
107 end 67100 -> 12491
108 queueempty 74418
109 start 74418
Work units: 1737
108 end 80099 -> 16314
109 queueempty 86435
110 start 86435
Work units: 1791
109 end 88805 -> 14387
110 queueempty 100884
111 start 100884
Work units: 1813
110 end 107233 -> 20798
111 queueempty 117755
112 start 117755
Work units: 1869
111 end 122915 -> 22030
112 queueempty 137190
113 start 137190
Work units: 1892
112 end 142261 -> 24506
113 queueempty 158520
114 start 158520
Work units: 1950
113 end 164222 -> 27032
114 queueempty 183813
115 start 183813
Work units: 1973
114 end 192044 -> 33524
115 queueempty 214254
116 start 214254
Work units: 2033
115 end 219691 -> 35877
116 queueempty 248798
117 start 248798
Work units: 2058
116 end 255575 -> 41320
117 queueempty 288764
118 start 288764
Work units: 2119
117 end 293710 -> 44912
118 queueempty 334719
119 start 334719
Work units: 2143
118 end 346502 -> 57737
119 queueempty 389609
120 start 389609
Work units: 2205
119 end 395743 -> 61023
120 queueempty 455575
121 start 455575
Work units: 2229
120 end 467501 -> 77892
121 queueempty 528206
122 start 528206
Work units: 2291
121 end 536213 -> 80638
122 queueempty 612869
123 start 612869
Work units: 2317
122 end 627299 -> 99093
123 queueempty 712577
124 start 712577
Work units: 2380
123 end 724877 -> 112008
124 queueempty 827220
125 start 827220
Work units: 2405
124 end 839613 -> 127036
125 queueempty 958350
126 start 958350
Work units: 2469
125 end 980760 -> 153539
126 queueempty 1111341
127 start 1111341
Work units: 2495
126 end 1128804 -> 170454
127 queueempty 1290711
128 start 1290711
Work units: 2562
127 end 1309776 -> 198434
128 queueempty 1498303
129 start 1498303
Work units: 2588
128 end 1518601 -> 227889
129 queueempty 1737554
130 start 1737554
Work units: 2657
129 end 1769761 -> 271458
130 queueempty 2019951
131 start 2019951
Work units: 2682
130 end 2143632 -> 406078
131 queueempty 2342333
132 start 2342333
Work units: 2749
131 end 2365753 -> 345801
132 queueempty 2716714
133 start 2716714
Work units: 2773
132 end 2743323 -> 400990
133 queueempty 3130324
134 start 3130324
Work units: 2842
133 end 3158473 -> 441758
134 queueempty 3616196
135 start 3616196
Work units: 2867
134 end 3656990 -> 526666
135 queueempty 4204017
136 start 4204017
Work units: 2938
135 end 4279484 -> 663288
136 queueempty 4859170
137 start 4859170
Work units: 2964
136 end 4903964 -> 699946
137 queueempty 5593785
138 start 5593785
Work units: 3036
137 end 5640580 -> 781410
138 queueempty 6467586
139 start 6467586
Work units: 3065
138 end 6533369 -> 939584
139 queueempty 7473759
140 start 7473759
Work units: 3141
139 end 7526300 -> 1058713
140 queueempty 8650593
141 start 8650593
Work units: 3170
140 end 8858430 -> 1384671
141 queueempty 9982424
142 start 9982424
Work units: 3248
141 end 10049063 -> 1398470
142 queueempty 11495595
143 start 11495595
Work units: 3278
142 end 11582870 -> 1600445
143 queueempty 13291488
144 start 13291488
Work units: 3358
143 end 13397176 -> 1901580
144 queueempty 15373781
145 start 15373781
Work units: 3389
144 end 15480167 -> 2188679
145 queueempty 17701042
146 start 17701042
Work units: 3470
145 end 18153692 -> 2779910
146 queueempty 20384257
147 start 20384257
Work units: 3501
146 end 20492092 -> 2791049
147 queueempty 23525834
148 start 23525834
Work units: 3580
147 end 23682817 -> 3298559
148 queueempty 27099071
149 start 27099071
Work units: 3610
148 end 27244528 -> 3718694
149 queueempty 31142788
150 start 31142788
Work units: 3691
149 end 31289064 -> 4189992
150 queueempty 35950867
150 end 36055056 -> 4912267
36057188
Squares (total): 6256164700624
